Hungry_Bee(food delivery app)/app/build/intermediates/manifest_merge_blame_file/debug/manifest-merger-blame-debug-report.txt
1<?xml version="1.0" encoding="utf-8"?>
2<manifest xmlns:android="http://schemas.android.com/apk/res/android"
3    package="com.food_on.app"
4    android:versionCode="1"
5    android:versionName="1.0" >
6
7    <uses-sdk
8        android:minSdkVersion="19"
8-->src\main\AndroidManifest.xml
9        android:targetSdkVersion="29" />
9-->src\main\AndroidManifest.xml
10
11    <uses-permission android:name="android.permission.INTERNET" />
11-->[com.google.firebase:firebase-auth:20.0.3] AndroidManifest.xml:23:5-67
11-->[com.google.firebase:firebase-auth:20.0.3] AndroidManifest.xml:23:22-64
12    <uses-permission android:name="android.permission.ACCESS_NETWORK_STATE" />
12-->[com.google.firebase:firebase-auth:20.0.3] AndroidManifest.xml:24:5-79
12-->[com.google.firebase:firebase-auth:20.0.3] AndroidManifest.xml:24:22-76
13    <uses-permission android:name="android.permission.WAKE_LOCK" />
13-->[com.google.android.gms:play-services-measurement:18.0.2] AndroidManifest.xml:25:5-68
13-->[com.google.android.gms:play-services-measurement:18.0.2] AndroidManifest.xml:25:22-65
14    <uses-permission android:name="com.google.android.finsky.permission.BIND_GET_INSTALL_REFERRER_SERVICE" /> <!-- Required by older versions of Google Play services to create IID tokens -->
14-->[com.google.android.gms:play-services-measurement:18.0.2] AndroidManifest.xml:26:5-110
14-->[com.google.android.gms:play-services-measurement:18.0.2] AndroidManifest.xml:26:22-107
15    <uses-permission android:name="com.google.android.c2dm.permission.RECEIVE" />
15-->[com.google.firebase:firebase-iid:20.2.3] AndroidManifest.xml:26:5-82
15-->[com.google.firebase:firebase-iid:20.2.3] AndroidManifest.xml:26:22-79
16
17    <application
17-->src\main\AndroidManifest.xml:6:5-170:19
18        android:allowBackup="true"
18-->src\main\AndroidManifest.xml:7:9-35
19        android:appComponentFactory="androidx.core.app.CoreComponentFactory"
19-->[androidx.core:core:1.3.0] AndroidManifest.xml:24:18-86
20        android:debuggable="true"
21        android:icon="@mipmap/ic_launcher"
21-->src\main\AndroidManifest.xml:8:9-43
22        android:label="@string/app_name"
22-->src\main\AndroidManifest.xml:9:9-41
23        android:roundIcon="@mipmap/ic_launcher_round"
23-->src\main\AndroidManifest.xml:10:9-54
24        android:supportsRtl="true"
24-->src\main\AndroidManifest.xml:11:9-35
25        android:testOnly="true"
26        android:theme="@style/AppTheme" >
26-->src\main\AndroidManifest.xml:12:9-40
27        <activity
27-->src\main\AndroidManifest.xml:14:9-16:52
28            android:name="com.food_on.app.DeliveryFoodPanel.Delivery_ShippingOrder"
28-->src\main\AndroidManifest.xml:15:13-84
29            android:label="Ship Orders" />
29-->src\main\AndroidManifest.xml:16:13-40
30        <activity
30-->src\main\AndroidManifest.xml:17:9-19:43
31            android:name="com.food_on.app.DeliveryFoodPanel.DeliveryShipOrderView"
31-->src\main\AndroidManifest.xml:18:13-83
32            android:label="Ship Orders" />
32-->src\main\AndroidManifest.xml:19:13-40
33        <activity
33-->src\main\AndroidManifest.xml:20:9-22:46
34            android:name="com.food_on.app.DeliveryFoodPanel.DeliveryPendingOrderView"
34-->src\main\AndroidManifest.xml:21:13-86
35            android:label="Pending Orders" />
35-->src\main\AndroidManifest.xml:22:13-43
36        <activity android:name="com.food_on.app.Delivery_FoodPanelBottomNavigation" />
36-->src\main\AndroidManifest.xml:23:9-87
36-->src\main\AndroidManifest.xml:23:19-84
37        <activity
37-->src\main\AndroidManifest.xml:24:9-26:58
38            android:name="com.food_on.app.Delivery_SendOtp"
38-->src\main\AndroidManifest.xml:25:13-60
39            android:theme="@style/AppThemeNoActionbar" />
39-->src\main\AndroidManifest.xml:26:13-55
40        <activity
40-->src\main\AndroidManifest.xml:27:9-29:58
41            android:name="com.food_on.app.Delivery_ForgotPassword"
41-->src\main\AndroidManifest.xml:28:13-67
42            android:theme="@style/AppThemeNoActionbar" />
42-->src\main\AndroidManifest.xml:29:13-55
43        <activity
43-->src\main\AndroidManifest.xml:30:9-32:58
44            android:name="com.food_on.app.Delivery_Login"
44-->src\main\AndroidManifest.xml:31:13-58
45            android:theme="@style/AppThemeNoActionbar" />
45-->src\main\AndroidManifest.xml:32:13-55
46        <activity
46-->src\main\AndroidManifest.xml:33:9-35:58
47            android:name="com.food_on.app.Delivery_LoginPhone"
47-->src\main\AndroidManifest.xml:34:13-63
48            android:theme="@style/AppThemeNoActionbar" />
48-->src\main\AndroidManifest.xml:35:13-55
49        <activity
49-->src\main\AndroidManifest.xml:36:9-38:58
50            android:name="com.food_on.app.Delivery_VerifyPhone"
50-->src\main\AndroidManifest.xml:37:13-64
51            android:theme="@style/AppThemeNoActionbar" />
51-->src\main\AndroidManifest.xml:38:13-55
52        <activity
52-->src\main\AndroidManifest.xml:39:9-41:58
53            android:name="com.food_on.app.Delivery_registeration"
53-->src\main\AndroidManifest.xml:40:13-66
54            android:theme="@style/AppThemeNoActionbar" />
54-->src\main\AndroidManifest.xml:41:13-55
55        <activity
55-->src\main\AndroidManifest.xml:42:9-44:47
56            android:name="com.food_on.app.ChefFoodPanel.ChefPreparedOrderView"
56-->src\main\AndroidManifest.xml:43:13-79
57            android:label="Prepared Orders" />
57-->src\main\AndroidManifest.xml:44:13-44
58        <activity
58-->src\main\AndroidManifest.xml:45:9-47:47
59            android:name="com.food_on.app.ChefFoodPanel.ChefPreparedOrder"
59-->src\main\AndroidManifest.xml:46:13-75
60            android:label="Prepared Orders" />
60-->src\main\AndroidManifest.xml:47:13-44
61        <activity
61-->src\main\AndroidManifest.xml:48:9-50:53
62            android:name="com.food_on.app.ChefFoodPanel.ChefOrdertobePrepareView"
62-->src\main\AndroidManifest.xml:49:13-82
63            android:label="Orders to be Prepared" />
63-->src\main\AndroidManifest.xml:50:13-50
64        <activity
64-->src\main\AndroidManifest.xml:51:9-53:53
65            android:name="com.food_on.app.ChefFoodPanel.ChefOrderTobePrepared"
65-->src\main\AndroidManifest.xml:52:13-79
66            android:label="Orders to be Prepared" />
66-->src\main\AndroidManifest.xml:53:13-50
67        <activity
67-->src\main\AndroidManifest.xml:54:9-56:46
68            android:name="com.food_on.app.CustomerFoodPanel.CustomerPaymentOTP"
68-->src\main\AndroidManifest.xml:55:13-80
69            android:label="Online Payment" />
69-->src\main\AndroidManifest.xml:56:13-43
70        <activity
70-->src\main\AndroidManifest.xml:57:9-59:46
71            android:name="com.food_on.app.CustomerFoodPanel.CustomerOnlinePayment"
71-->src\main\AndroidManifest.xml:58:13-83
72            android:label="Online Payment" />
72-->src\main\AndroidManifest.xml:59:13-43
73        <activity
73-->src\main\AndroidManifest.xml:60:9-62:46
74            android:name="com.food_on.app.CustomerFoodPanel.CustomerPayment"
74-->src\main\AndroidManifest.xml:61:13-77
75            android:label="Payable Orders" />
75-->src\main\AndroidManifest.xml:62:13-43
76        <activity
76-->src\main\AndroidManifest.xml:63:9-65:46
77            android:name="com.food_on.app.CustomerFoodPanel.PayableOrders"
77-->src\main\AndroidManifest.xml:64:13-75
78            android:label="Payable Orders" />
78-->src\main\AndroidManifest.xml:65:13-43
79        <activity
79-->src\main\AndroidManifest.xml:66:9-68:46
80            android:name="com.food_on.app.CustomerFoodPanel.PendingOrders"
80-->src\main\AndroidManifest.xml:67:13-75
81            android:label="Pending Orders" />
81-->src\main\AndroidManifest.xml:68:13-43
82        <activity
82-->src\main\AndroidManifest.xml:69:9-71:38
83            android:name="com.food_on.app.ChefFoodPanel.Chef_order_dishes"
83-->src\main\AndroidManifest.xml:70:13-75
84            android:label="Orders" />
84-->src\main\AndroidManifest.xml:71:13-35
85        <activity
85-->src\main\AndroidManifest.xml:72:9-74:45
86            android:name="com.food_on.app.CustomerFoodPanel.CustomerPhoneSendOTP"
86-->src\main\AndroidManifest.xml:73:13-82
87            android:label="Mobile Number" />
87-->src\main\AndroidManifest.xml:74:13-42
88        <activity
88-->src\main\AndroidManifest.xml:75:9-77:45
89            android:name="com.food_on.app.CustomerFoodPanel.CustomerPhonenumber"
89-->src\main\AndroidManifest.xml:76:13-81
90            android:label="Mobile Number" />
90-->src\main\AndroidManifest.xml:77:13-42
91        <activity
91-->src\main\AndroidManifest.xml:78:9-80:40
92            android:name="com.food_on.app.CustomerFoodPanel.CustomerForgotpassword"
92-->src\main\AndroidManifest.xml:79:13-84
93            android:label="Password" />
93-->src\main\AndroidManifest.xml:80:13-37
94        <activity
94-->src\main\AndroidManifest.xml:81:9-83:40
95            android:name="com.food_on.app.CustomerFoodPanel.CustomerPassword"
95-->src\main\AndroidManifest.xml:82:13-78
96            android:label="Password" />
96-->src\main\AndroidManifest.xml:83:13-37
97        <activity android:name="com.food_on.app.CustomerFoodPanel.OrderDish" />
97-->src\main\AndroidManifest.xml:84:9-80
97-->src\main\AndroidManifest.xml:84:19-77
98        <activity
98-->src\main\AndroidManifest.xml:85:9-87:36
99            android:name="com.food_on.app.ChefFoodPanel.Update_Delete_Dish"
99-->src\main\AndroidManifest.xml:86:13-76
100            android:label="Home" />
100-->src\main\AndroidManifest.xml:87:13-33
101        <activity
101-->src\main\AndroidManifest.xml:88:9-90:41
102            android:name="com.food_on.app.ChefFoodPanel.Chef_PostDish"
102-->src\main\AndroidManifest.xml:89:13-71
103            android:label="Post Dish" />
103-->src\main\AndroidManifest.xml:90:13-38
104        <activity
104-->src\main\AndroidManifest.xml:91:9-93:59
105            android:name="com.food_on.app.ChefFoodPanel_BottomNavigation"
105-->src\main\AndroidManifest.xml:92:13-74
106            android:windowSoftInputMode="adjustNothing" />
106-->src\main\AndroidManifest.xml:93:13-56
107        <activity
107-->src\main\AndroidManifest.xml:94:9-96:59
108            android:name="com.food_on.app.CustomerFoodPanel_BottomNavigation"
108-->src\main\AndroidManifest.xml:95:13-78
109            android:windowSoftInputMode="adjustNothing" />
109-->src\main\AndroidManifest.xml:96:13-56
110        <activity android:name="com.theartofdev.edmodo.cropper.CropImageActivity" />
110-->src\main\AndroidManifest.xml:97:9-85
110-->src\main\AndroidManifest.xml:97:19-82
111        <activity
111-->src\main\AndroidManifest.xml:98:9-100:58
112            android:name="com.food_on.app.MainMenu"
112-->src\main\AndroidManifest.xml:99:13-52
113            android:theme="@style/AppThemeNoActionbar" />
113-->src\main\AndroidManifest.xml:100:13-55
114        <activity
114-->src\main\AndroidManifest.xml:101:9-103:58
115            android:name="com.food_on.app.Chefsendotp"
115-->src\main\AndroidManifest.xml:102:13-55
116            android:theme="@style/AppThemeNoActionbar" />
116-->src\main\AndroidManifest.xml:103:13-55
117        <activity
117-->src\main\AndroidManifest.xml:104:9-106:58
118            android:name="com.food_on.app.Chefloginphone"
118-->src\main\AndroidManifest.xml:105:13-58
119            android:theme="@style/AppThemeNoActionbar" />
119-->src\main\AndroidManifest.xml:106:13-55
120        <activity
120-->src\main\AndroidManifest.xml:107:9-109:58
121            android:name="com.food_on.app.sendotp"
121-->src\main\AndroidManifest.xml:108:13-51
122            android:theme="@style/AppThemeNoActionbar" />
122-->src\main\AndroidManifest.xml:109:13-55
123        <activity
123-->src\main\AndroidManifest.xml:110:9-112:58
124            android:name="com.food_on.app.LoginPhone"
124-->src\main\AndroidManifest.xml:111:13-54
125            android:theme="@style/AppThemeNoActionbar" />
125-->src\main\AndroidManifest.xml:112:13-55
126        <activity
126-->src\main\AndroidManifest.xml:113:9-115:58
127            android:name="com.food_on.app.ChefVerifyPhone"
127-->src\main\AndroidManifest.xml:114:13-59
128            android:theme="@style/AppThemeNoActionbar" />
128-->src\main\AndroidManifest.xml:115:13-55
129        <activity
129-->src\main\AndroidManifest.xml:116:9-118:58
130            android:name="com.food_on.app.VerifyPhone"
130-->src\main\AndroidManifest.xml:117:13-55
131            android:theme="@style/AppThemeNoActionbar" />
131-->src\main\AndroidManifest.xml:118:13-55
132        <activity
132-->src\main\AndroidManifest.xml:119:9-121:58
133            android:name="com.food_on.app.ChefForgotPassword"
133-->src\main\AndroidManifest.xml:120:13-62
134            android:theme="@style/AppThemeNoActionbar" />
134-->src\main\AndroidManifest.xml:121:13-55
135        <activity
135-->src\main\AndroidManifest.xml:122:9-124:58
136            android:name="com.food_on.app.ChefLogin"
136-->src\main\AndroidManifest.xml:123:13-53
137            android:theme="@style/AppThemeNoActionbar" />
137-->src\main\AndroidManifest.xml:124:13-55
138        <activity
138-->src\main\AndroidManifest.xml:125:9-127:58
139            android:name="com.food_on.app.ChooseOne"
139-->src\main\AndroidManifest.xml:126:13-53
140            android:theme="@style/AppThemeNoActionbar" />
140-->src\main\AndroidManifest.xml:127:13-55
141        <activity
141-->src\main\AndroidManifest.xml:128:9-130:58
142            android:name="com.food_on.app.ChefRegisteration"
142-->src\main\AndroidManifest.xml:129:13-61
143            android:theme="@style/AppThemeNoActionbar" />
143-->src\main\AndroidManifest.xml:130:13-55
144        <activity
144-->src\main\AndroidManifest.xml:131:9-133:58
145            android:name="com.food_on.app.ForgotPassword"
145-->src\main\AndroidManifest.xml:132:13-58
146            android:theme="@style/AppThemeNoActionbar" />
146-->src\main\AndroidManifest.xml:133:13-55
147        <activity
147-->src\main\AndroidManifest.xml:134:9-136:58
148            android:name="com.food_on.app.Login"
148-->src\main\AndroidManifest.xml:135:13-49
149            android:theme="@style/AppThemeNoActionbar" />
149-->src\main\AndroidManifest.xml:136:13-55
150        <activity
150-->src\main\AndroidManifest.xml:137:9-139:58
151            android:name="com.food_on.app.Registration"
151-->src\main\AndroidManifest.xml:138:13-56
152            android:theme="@style/AppThemeNoActionbar" />
152-->src\main\AndroidManifest.xml:139:13-55
153        <activity
153-->src\main\AndroidManifest.xml:140:9-148:20
154            android:name="com.food_on.app.MainActivity"
154-->src\main\AndroidManifest.xml:141:13-56
155            android:theme="@style/AppThemeNoActionbar" >
155-->src\main\AndroidManifest.xml:142:13-55
156            <intent-filter>
156-->src\main\AndroidManifest.xml:143:13-147:29
157                <action android:name="android.intent.action.MAIN" />
157-->src\main\AndroidManifest.xml:144:17-69
157-->src\main\AndroidManifest.xml:144:25-66
158
159                <category android:name="android.intent.category.LAUNCHER" />
159-->src\main\AndroidManifest.xml:146:17-77
159-->src\main\AndroidManifest.xml:146:27-74
160            </intent-filter>
161        </activity>
162
163        <service
163-->src\main\AndroidManifest.xml:150:9-157:19
164            android:name="com.food_on.app.SendNotification.MyFirebaseMessagingService"
164-->src\main\AndroidManifest.xml:151:13-87
165            android:enabled="true"
165-->src\main\AndroidManifest.xml:152:13-35
166            android:exported="true" >
166-->src\main\AndroidManifest.xml:153:13-36
167            <intent-filter>
167-->src\main\AndroidManifest.xml:154:13-156:29
168                <action android:name="com.google.firebase.MESSAGING_EVENT" />
168-->src\main\AndroidManifest.xml:155:17-78
168-->src\main\AndroidManifest.xml:155:25-75
169            </intent-filter>
170        </service>
171        <service
171-->src\main\AndroidManifest.xml:158:9-165:19
172            android:name="com.food_on.app.SendNotification.MyFirebaseIdService"
172-->src\main\AndroidManifest.xml:159:13-80
173            android:enabled="true"
173-->src\main\AndroidManifest.xml:160:13-35
174            android:exported="true" >
174-->src\main\AndroidManifest.xml:161:13-36
175            <intent-filter>
175-->src\main\AndroidManifest.xml:162:13-164:29
176                <action android:name="com.google.firebase.INSTANCE_ID_EVENT" />
176-->src\main\AndroidManifest.xml:163:17-80
176-->src\main\AndroidManifest.xml:163:25-77
177            </intent-filter>
178        </service>
179
180        <meta-data
180-->src\main\AndroidManifest.xml:167:9-169:57
181            android:name="preloaded_fonts"
181-->src\main\AndroidManifest.xml:168:13-43
182            android:resource="@array/preloaded_fonts" />
182-->src\main\AndroidManifest.xml:169:13-54
183
184        <activity
184-->[com.google.firebase:firebase-auth:20.0.3] AndroidManifest.xml:27:9-44:20
185            android:name="com.google.firebase.auth.internal.GenericIdpActivity"
185-->[com.google.firebase:firebase-auth:20.0.3] AndroidManifest.xml:28:13-80
186            android:excludeFromRecents="true"
186-->[com.google.firebase:firebase-auth:20.0.3] AndroidManifest.xml:29:13-46
187            android:exported="true"
187-->[com.google.firebase:firebase-auth:20.0.3] AndroidManifest.xml:30:13-36
188            android:launchMode="singleTask"
188-->[com.google.firebase:firebase-auth:20.0.3] AndroidManifest.xml:31:13-44
189            android:theme="@android:style/Theme.Translucent.NoTitleBar" >
189-->[com.google.firebase:firebase-auth:20.0.3] AndroidManifest.xml:32:13-72
190            <intent-filter>
190-->[com.google.firebase:firebase-auth:20.0.3] AndroidManifest.xml:33:13-43:29
191                <action android:name="android.intent.action.VIEW" />
191-->[com.google.firebase:firebase-auth:20.0.3] AndroidManifest.xml:34:17-69
191-->[com.google.firebase:firebase-auth:20.0.3] AndroidManifest.xml:34:25-66
192
193                <category android:name="android.intent.category.DEFAULT" />
193-->[com.google.firebase:firebase-auth:20.0.3] AndroidManifest.xml:36:17-76
193-->[com.google.firebase:firebase-auth:20.0.3] AndroidManifest.xml:36:27-73
194                <category android:name="android.intent.category.BROWSABLE" />
194-->[com.google.firebase:firebase-auth:20.0.3] AndroidManifest.xml:37:17-78
194-->[com.google.firebase:firebase-auth:20.0.3] AndroidManifest.xml:37:27-75
195
196                <data
196-->[com.google.firebase:firebase-auth:20.0.3] AndroidManifest.xml:39:17-42:51
197                    android:host="firebase.auth"
197-->[com.google.firebase:firebase-auth:20.0.3] AndroidManifest.xml:40:21-49
198                    android:path="/"
198-->[com.google.firebase:firebase-auth:20.0.3] AndroidManifest.xml:41:21-37
199                    android:scheme="genericidp" />
199-->[com.google.firebase:firebase-auth:20.0.3] AndroidManifest.xml:42:21-48
200            </intent-filter>
201        </activity>
202        <activity
202-->[com.google.firebase:firebase-auth:20.0.3] AndroidManifest.xml:45:9-62:20
203            android:name="com.google.firebase.auth.internal.RecaptchaActivity"
203-->[com.google.firebase:firebase-auth:20.0.3] AndroidManifest.xml:46:13-79
204            android:excludeFromRecents="true"
204-->[com.google.firebase:firebase-auth:20.0.3] AndroidManifest.xml:47:13-46
205            android:exported="true"
205-->[com.google.firebase:firebase-auth:20.0.3] AndroidManifest.xml:48:13-36
206            android:launchMode="singleTask"
206-->[com.google.firebase:firebase-auth:20.0.3] AndroidManifest.xml:49:13-44
207            android:theme="@android:style/Theme.Translucent.NoTitleBar" >
207-->[com.google.firebase:firebase-auth:20.0.3] AndroidManifest.xml:50:13-72
208            <intent-filter>
208-->[com.google.firebase:firebase-auth:20.0.3] AndroidManifest.xml:51:13-61:29
209                <action android:name="android.intent.action.VIEW" />
209-->[com.google.firebase:firebase-auth:20.0.3] AndroidManifest.xml:34:17-69
209-->[com.google.firebase:firebase-auth:20.0.3] AndroidManifest.xml:34:25-66
210
211                <category android:name="android.intent.category.DEFAULT" />
211-->[com.google.firebase:firebase-auth:20.0.3] AndroidManifest.xml:36:17-76
211-->[com.google.firebase:firebase-auth:20.0.3] AndroidManifest.xml:36:27-73
212                <category android:name="android.intent.category.BROWSABLE" />
212-->[com.google.firebase:firebase-auth:20.0.3] AndroidManifest.xml:37:17-78
212-->[com.google.firebase:firebase-auth:20.0.3] AndroidManifest.xml:37:27-75
213
214                <data
214-->[com.google.firebase:firebase-auth:20.0.3] AndroidManifest.xml:39:17-42:51
215                    android:host="firebase.auth"
215-->[com.google.firebase:firebase-auth:20.0.3] AndroidManifest.xml:40:21-49
216                    android:path="/"
216-->[com.google.firebase:firebase-auth:20.0.3] AndroidManifest.xml:41:21-37
217                    android:scheme="recaptcha" />
217-->[com.google.firebase:firebase-auth:20.0.3] AndroidManifest.xml:42:21-48
218            </intent-filter>
219        </activity>
220
221        <service
221-->[com.google.firebase:firebase-auth:20.0.3] AndroidManifest.xml:64:9-73:19
222            android:name="com.google.firebase.auth.api.fallback.service.FirebaseAuthFallbackService"
222-->[com.google.firebase:firebase-auth:20.0.3] AndroidManifest.xml:65:13-101
223            android:enabled="true"
223-->[com.google.firebase:firebase-auth:20.0.3] AndroidManifest.xml:66:13-35
224            android:exported="false" >
224-->[com.google.firebase:firebase-auth:20.0.3] AndroidManifest.xml:67:13-37
225            <intent-filter>
225-->[com.google.firebase:firebase-auth:20.0.3] AndroidManifest.xml:68:13-72:29
226                <action android:name="com.google.firebase.auth.api.gms.service.START" />
226-->[com.google.firebase:firebase-auth:20.0.3] AndroidManifest.xml:69:17-89
226-->[com.google.firebase:firebase-auth:20.0.3] AndroidManifest.xml:69:25-86
227
228                <category android:name="android.intent.category.DEFAULT" />
228-->[com.google.firebase:firebase-auth:20.0.3] AndroidManifest.xml:36:17-76
228-->[com.google.firebase:firebase-auth:20.0.3] AndroidManifest.xml:36:27-73
229            </intent-filter>
230        </service>
231        <service
231-->[com.google.firebase:firebase-auth:20.0.3] AndroidManifest.xml:74:9-80:19
232            android:name="com.google.firebase.components.ComponentDiscoveryService"
232-->[com.google.firebase:firebase-auth:20.0.3] AndroidManifest.xml:75:13-84
233            android:directBootAware="true"
233-->[com.google.firebase:firebase-common:19.5.0] AndroidManifest.xml:35:13-43
234            android:exported="false" >
234-->[com.google.firebase:firebase-auth:20.0.3] AndroidManifest.xml:76:13-37
235            <meta-data
235-->[com.google.firebase:firebase-auth:20.0.3] AndroidManifest.xml:77:13-79:85
236                android:name="com.google.firebase.components:com.google.firebase.auth.FirebaseAuthRegistrar"
236-->[com.google.firebase:firebase-auth:20.0.3] AndroidManifest.xml:78:17-109
237                android:value="com.google.firebase.components.ComponentRegistrar" />
237-->[com.google.firebase:firebase-auth:20.0.3] AndroidManifest.xml:79:17-82
238            <meta-data
238-->[com.google.firebase:firebase-storage:19.1.1] AndroidManifest.xml:33:13-35:85
239                android:name="com.google.firebase.components:com.google.firebase.storage.StorageRegistrar"
239-->[com.google.firebase:firebase-storage:19.1.1] AndroidManifest.xml:34:17-107
240                android:value="com.google.firebase.components.ComponentRegistrar" />
240-->[com.google.firebase:firebase-storage:19.1.1] AndroidManifest.xml:35:17-82
241            <meta-data
241-->[com.google.firebase:firebase-messaging:20.2.3] AndroidManifest.xml:39:13-41:85
242                android:name="com.google.firebase.components:com.google.firebase.messaging.FirebaseMessagingRegistrar"
242-->[com.google.firebase:firebase-messaging:20.2.3] AndroidManifest.xml:40:17-119
243                android:value="com.google.firebase.components.ComponentRegistrar" />
243-->[com.google.firebase:firebase-messaging:20.2.3] AndroidManifest.xml:41:17-82
244            <meta-data
244-->[com.google.firebase:firebase-database:19.7.0] AndroidManifest.xml:32:13-34:85
245                android:name="com.google.firebase.components:com.google.firebase.database.DatabaseRegistrar"
245-->[com.google.firebase:firebase-database:19.7.0] AndroidManifest.xml:33:17-109
246                android:value="com.google.firebase.components.ComponentRegistrar" />
246-->[com.google.firebase:firebase-database:19.7.0] AndroidManifest.xml:34:17-82
247            <meta-data
247-->[com.google.android.gms:play-services-measurement-api:18.0.2] AndroidManifest.xml:30:13-32:85
248                android:name="com.google.firebase.components:com.google.firebase.analytics.connector.internal.AnalyticsConnectorRegistrar"
248-->[com.google.android.gms:play-services-measurement-api:18.0.2] AndroidManifest.xml:31:17-139
249                android:value="com.google.firebase.components.ComponentRegistrar" />
249-->[com.google.android.gms:play-services-measurement-api:18.0.2] AndroidManifest.xml:32:17-82
250            <meta-data
250-->[com.google.firebase:firebase-iid:20.2.3] AndroidManifest.xml:32:13-34:85
251                android:name="com.google.firebase.components:com.google.firebase.iid.Registrar"
251-->[com.google.firebase:firebase-iid:20.2.3] AndroidManifest.xml:33:17-96
252                android:value="com.google.firebase.components.ComponentRegistrar" />
252-->[com.google.firebase:firebase-iid:20.2.3] AndroidManifest.xml:34:17-82
253            <meta-data
253-->[com.google.firebase:firebase-installations:16.3.2] AndroidManifest.xml:17:13-19:85
254                android:name="com.google.firebase.components:com.google.firebase.installations.FirebaseInstallationsRegistrar"
254-->[com.google.firebase:firebase-installations:16.3.2] AndroidManifest.xml:18:17-127
255                android:value="com.google.firebase.components.ComponentRegistrar" />
255-->[com.google.firebase:firebase-installations:16.3.2] AndroidManifest.xml:19:17-82
256            <meta-data
256-->[com.google.firebase:firebase-datatransport:17.0.3] AndroidManifest.xml:28:13-30:85
257                android:name="com.google.firebase.components:com.google.firebase.datatransport.TransportRegistrar"
257-->[com.google.firebase:firebase-datatransport:17.0.3] AndroidManifest.xml:29:17-115
258                android:value="com.google.firebase.components.ComponentRegistrar" />
258-->[com.google.firebase:firebase-datatransport:17.0.3] AndroidManifest.xml:30:17-82
259            <!--
260                This registrar is not defined in the dynamic-module-support sdk itself to allow non-firebase
261                clients to use it as well, by defining this registrar in their own core/common library.
262            -->
263            <meta-data
263-->[com.google.firebase:firebase-common:19.5.0] AndroidManifest.xml:43:13-45:85
264                android:name="com.google.firebase.components:com.google.firebase.dynamicloading.DynamicLoadingRegistrar"
264-->[com.google.firebase:firebase-common:19.5.0] AndroidManifest.xml:44:17-121
265                android:value="com.google.firebase.components.ComponentRegistrar" />
265-->[com.google.firebase:firebase-common:19.5.0] AndroidManifest.xml:45:17-82
266        </service>
267
268        <provider
268-->[com.squareup.picasso:picasso:2.71828] AndroidManifest.xml:8:9-11:40
269            android:name="com.squareup.picasso.PicassoProvider"
269-->[com.squareup.picasso:picasso:2.71828] AndroidManifest.xml:9:13-64
270            android:authorities="com.food_on.app.com.squareup.picasso"
270-->[com.squareup.picasso:picasso:2.71828] AndroidManifest.xml:10:13-72
271            android:exported="false" />
271-->[com.squareup.picasso:picasso:2.71828] AndroidManifest.xml:11:13-37
272        <!--
273             FirebaseMessagingService performs security checks at runtime,
274             but set to not exported to explicitly avoid allowing another app to call it.
275        -->
276        <service
276-->[com.google.firebase:firebase-messaging:20.2.3] AndroidManifest.xml:28:9-35:19
277            android:name="com.google.firebase.messaging.FirebaseMessagingService"
277-->[com.google.firebase:firebase-messaging:20.2.3] AndroidManifest.xml:29:13-82
278            android:directBootAware="true"
278-->[com.google.firebase:firebase-messaging:20.2.3] AndroidManifest.xml:30:13-43
279            android:exported="false" >
279-->[com.google.firebase:firebase-messaging:20.2.3] AndroidManifest.xml:31:13-37
280            <intent-filter android:priority="-500" >
280-->src\main\AndroidManifest.xml:154:13-156:29
281                <action android:name="com.google.firebase.MESSAGING_EVENT" />
281-->src\main\AndroidManifest.xml:155:17-78
281-->src\main\AndroidManifest.xml:155:25-75
282            </intent-filter>
283        </service>
284
285        <receiver
285-->[com.google.android.gms:play-services-measurement:18.0.2] AndroidManifest.xml:29:9-33:20
286            android:name="com.google.android.gms.measurement.AppMeasurementReceiver"
286-->[com.google.android.gms:play-services-measurement:18.0.2] AndroidManifest.xml:30:13-85
287            android:enabled="true"
287-->[com.google.android.gms:play-services-measurement:18.0.2] AndroidManifest.xml:31:13-35
288            android:exported="false" >
288-->[com.google.android.gms:play-services-measurement:18.0.2] AndroidManifest.xml:32:13-37
289        </receiver>
290
291        <service
291-->[com.google.android.gms:play-services-measurement:18.0.2] AndroidManifest.xml:35:9-38:40
292            android:name="com.google.android.gms.measurement.AppMeasurementService"
292-->[com.google.android.gms:play-services-measurement:18.0.2] AndroidManifest.xml:36:13-84
293            android:enabled="true"